Copyright 1986-2022 Xilinx, Inc. All Rights Reserved. Copyright 2022-2024 Advanced Micro Devices, Inc. All Rights Reserved.
---------------------------------------------------------------------------------------------------------------------------------------------
| Tool Version : Vivado v.2024.2 (win64) Build 5239630 Fri Nov 08 22:35:27 MST 2024
| Date         : Sun Apr 26 13:44:23 2026
| Host         : JayNathan running 64-bit major release  (build 9200)
| Command      : report_timing_summary -file C:/Users/jayna/Desktop/MurmurHash3-Accelerator/murmurhash3_vivado/reports/timing_N16.rpt
| Design       : fpga_top
| Device       : 7a100t-csg324
| Speed File   : -1  PRODUCTION 1.23 2018-06-13
| Design State : Routed
---------------------------------------------------------------------------------------------------------------------------------------------

Timing Summary Report

------------------------------------------------------------------------------------------------
| Timer Settings
| --------------
------------------------------------------------------------------------------------------------

  Enable Multi Corner Analysis               :  Yes
  Enable Pessimism Removal                   :  Yes
  Pessimism Removal Resolution               :  Nearest Common Node
  Enable Input Delay Default Clock           :  No
  Enable Preset / Clear Arcs                 :  No
  Disable Flight Delays                      :  No
  Ignore I/O Paths                           :  No
  Timing Early Launch at Borrowing Latches   :  No
  Borrow Time for Max Delay Exceptions       :  Yes
  Merge Timing Exceptions                    :  Yes
  Inter-SLR Compensation                     :  Conservative

  Corner  Analyze    Analyze    
  Name    Max Paths  Min Paths  
  ------  ---------  ---------  
  Slow    Yes        Yes        
  Fast    Yes        Yes        


------------------------------------------------------------------------------------------------
| Report Methodology
| ------------------
------------------------------------------------------------------------------------------------

Rule       Severity  Description                    Violations  
---------  --------  -----------------------------  ----------  
SYNTH-10   Warning   Wide multiplier                224         
TIMING-16  Warning   Large setup violation          1000        
TIMING-18  Warning   Missing input or output delay  16          

Note: This report is based on the most recent report_methodology run and may not be up-to-date. Run report_methodology on the current design for the latest report.



check_timing report

Table of Contents
-----------------
1. checking no_clock (0)
2. checking constant_clock (0)
3. checking pulse_width_clock (0)
4. checking unconstrained_internal_endpoints (0)
5. checking no_input_delay (1)
6. checking no_output_delay (16)
7. checking multiple_clock (0)
8. checking generated_clocks (0)
9. checking loops (0)
10. checking partial_input_delay (0)
11. checking partial_output_delay (0)
12. checking latch_loops (0)

1. checking no_clock (0)
------------------------
 There are 0 register/latch pins with no clock.


2. checking constant_clock (0)
------------------------------
 There are 0 register/latch pins with constant_clock.


3. checking pulse_width_clock (0)
---------------------------------
 There are 0 register/latch pins which need pulse_width check


4. checking unconstrained_internal_endpoints (0)
------------------------------------------------
 There are 0 pins that are not constrained for maximum delay.

 There are 0 pins that are not constrained for maximum delay due to constant clock.


5. checking no_input_delay (1)
------------------------------
 There are 0 input ports with no input delay specified.

 There is 1 input port with no input delay but user has a false path constraint. (MEDIUM)


6. checking no_output_delay (16)
--------------------------------
 There are 16 ports with no output delay specified. (HIGH)

 There are 0 ports with no output delay but user has a false path constraint

 There are 0 ports with no output delay but with a timing clock defined on it or propagating through it


7. checking multiple_clock (0)
------------------------------
 There are 0 register/latch pins with multiple clocks.


8. checking generated_clocks (0)
--------------------------------
 There are 0 generated clocks that are not connected to a clock source.


9. checking loops (0)
---------------------
 There are 0 combinational loops in the design.


10. checking partial_input_delay (0)
------------------------------------
 There are 0 input ports with partial input delay specified.


11. checking partial_output_delay (0)
-------------------------------------
 There are 0 ports with partial output delay specified.


12. checking latch_loops (0)
----------------------------
 There are 0 combinational latch loops in the design through latch input



------------------------------------------------------------------------------------------------
| Design Timing Summary
| ---------------------
------------------------------------------------------------------------------------------------

    WNS(ns)      TNS(ns)  TNS Failing Endpoints  TNS Total Endpoints      WHS(ns)      THS(ns)  THS Failing Endpoints  THS Total Endpoints     WPWS(ns)     TPWS(ns)  TPWS Failing Endpoints  TPWS Total Endpoints  
    -------      -------  ---------------------  -------------------      -------      -------  ---------------------  -------------------     --------     --------  ----------------------  --------------------  
     -5.055   -12380.518                   5128                13646        0.025        0.000                      0                13646        4.020        0.000                       0                  9465  


Timing constraints are not met.


------------------------------------------------------------------------------------------------
| Clock Summary
| -------------
------------------------------------------------------------------------------------------------

Clock        Waveform(ns)       Period(ns)      Frequency(MHz)
-----        ------------       ----------      --------------
sys_clk_pin  {0.000 5.000}      10.000          100.000         


------------------------------------------------------------------------------------------------
| Intra Clock Table
| -----------------
------------------------------------------------------------------------------------------------

Clock             WNS(ns)      TNS(ns)  TNS Failing Endpoints  TNS Total Endpoints      WHS(ns)      THS(ns)  THS Failing Endpoints  THS Total Endpoints     WPWS(ns)     TPWS(ns)  TPWS Failing Endpoints  TPWS Total Endpoints  
-----             -------      -------  ---------------------  -------------------      -------      -------  ---------------------  -------------------     --------     --------  ----------------------  --------------------  
sys_clk_pin        -5.055   -12380.518                   5128                13646        0.025        0.000                      0                13646        4.020        0.000                       0                  9465  


------------------------------------------------------------------------------------------------
| Inter Clock Table
| -----------------
------------------------------------------------------------------------------------------------

From Clock    To Clock          WNS(ns)      TNS(ns)  TNS Failing Endpoints  TNS Total Endpoints      WHS(ns)      THS(ns)  THS Failing Endpoints  THS Total Endpoints  
----------    --------          -------      -------  ---------------------  -------------------      -------      -------  ---------------------  -------------------  


------------------------------------------------------------------------------------------------
| Other Path Groups Table
| -----------------------
------------------------------------------------------------------------------------------------

Path Group    From Clock    To Clock          WNS(ns)      TNS(ns)  TNS Failing Endpoints  TNS Total Endpoints      WHS(ns)      THS(ns)  THS Failing Endpoints  THS Total Endpoints  
----------    ----------    --------          -------      -------  ---------------------  -------------------      -------      -------  ---------------------  -------------------  


------------------------------------------------------------------------------------------------
| Timing Details
| --------------
------------------------------------------------------------------------------------------------


---------------------------------------------------------------------------------------------------
From Clock:  sys_clk_pin
  To Clock:  sys_clk_pin

Setup :         5128  Failing Endpoints,  Worst Slack       -5.055ns,  Total Violation   -12380.518ns
Hold  :            0  Failing Endpoints,  Worst Slack        0.025ns,  Total Violation        0.000ns
PW    :            0  Failing Endpoints,  Worst Slack        4.020ns,  Total Violation        0.000ns
---------------------------------------------------------------------------------------------------


Max Delay Paths
--------------------------------------------------------------------------------------
Slack (VIOLATED) :        -5.055ns  (required time - arrival time)
  Source:                 counter_reg[1]_rep_replica_10/C
                            (rising edge-triggered cell FDCE clocked by sys_clk_pin  {rise@0.000ns fall@5.000ns period=10.000ns})
  Destination:            u_accel/g_lanes[14].u_lane/c_kc2_b0/A[14]
                            (rising edge-triggered cell DSP48E1 clocked by sys_clk_pin  {rise@0.000ns fall@5.000ns period=10.000ns})
  Path Group:             sys_clk_pin
  Path Type:              Setup (Max at Slow Process Corner)
  Requirement:            10.000ns  (sys_clk_pin rise@10.000ns - sys_clk_pin rise@0.000ns)
  Data Path Delay:        14.439ns  (logic 7.932ns (54.935%)  route 6.507ns (45.065%))
  Logic Levels:           20  (CARRY4=14 LUT1=1 LUT2=2 LUT3=1 LUT4=1 LUT5=1)
  Clock Path Skew:        -0.036ns (DCD - SCD + CPR)
    Destination Clock Delay (DCD):    5.176ns = ( 15.176 - 10.000 ) 
    Source Clock Delay      (SCD):    5.409ns
    Clock Pessimism Removal (CPR):    0.197ns
  Clock Uncertainty:      0.035ns  ((TSJ^2 + TIJ^2)^1/2 + DJ) / 2 + PE
    Total System Jitter     (TSJ):    0.071ns
    Total Input Jitter      (TIJ):    0.000ns
    Discrete Jitter          (DJ):    0.000ns
    Phase Error              (PE):    0.000ns

    Location             Delay type                Incr(ns)  Path(ns)    Netlist Resource(s)
  -------------------------------------------------------------------    -------------------
                         (clock sys_clk_pin rise edge)
                                                      0.000     0.000 r  
    E3                                                0.000     0.000 r  clk (IN)
                         net (fo=0)                   0.000     0.000    clk
    E3                   IBUF (Prop_ibuf_I_O)         1.482     1.482 r  clk_IBUF_inst/O
                         net (fo=1, routed)           2.025     3.506    clk_IBUF
    BUFGCTRL_X0Y16       BUFG (Prop_bufg_I_O)         0.096     3.602 r  clk_IBUF_BUFG_inst/O
                         net (fo=9592, routed)        1.806     5.409    clk_IBUF_BUFG
    SLICE_X41Y156        FDCE                                         r  counter_reg[1]_rep_replica_10/C
  -------------------------------------------------------------------    -------------------
    SLICE_X41Y156        FDCE (Prop_fdce_C_Q)         0.456     5.865 f  counter_reg[1]_rep_replica_10/Q
                         net (fo=2, routed)           0.321     6.185    u_accel/g_lanes[14].u_lane/counter_reg[1]_rep_n_0_repN_10_alias
    SLICE_X42Y156        LUT1 (Prop_lut1_I0_O)        0.124     6.309 r  u_accel/g_lanes[14].u_lane/c_s3_mul_i_10/O
                         net (fo=1, routed)           0.000     6.309    u_accel/g_lanes[14].u_lane/c_s3_mul_i_10_n_0
    SLICE_X42Y156        CARRY4 (Prop_carry4_S[1]_CO[3])
                                                      0.533     6.842 r  u_accel/g_lanes[14].u_lane/c_s3_mul_i_6__7/CO[3]
                         net (fo=1, routed)           0.000     6.842    u_accel/g_lanes[14].u_lane/c_s3_mul_i_6__7_n_0
    SLICE_X42Y157        CARRY4 (Prop_carry4_CI_CO[3])
                                                      0.117     6.959 r  u_accel/g_lanes[14].u_lane/c_s3_mul_i_4/CO[3]
                         net (fo=1, routed)           0.000     6.959    u_accel/g_lanes[14].u_lane/c_s3_mul_i_4_n_0
    SLICE_X42Y158        CARRY4 (Prop_carry4_CI_CO[3])
                                                      0.117     7.076 r  u_accel/g_lanes[14].u_lane/c_s3_mul_i_3__0/CO[3]
                         net (fo=1, routed)           0.000     7.076    u_accel/g_lanes[14].u_lane/c_s3_mul_i_3__0_n_0
    SLICE_X42Y159        CARRY4 (Prop_carry4_CI_O[1])
                                                      0.323     7.399 r  u_accel/g_lanes[14].u_lane/c_s3_mul_i_2__0/O[1]
                         net (fo=14, routed)          0.832     8.231    u_accel/g_lanes[14].u_lane/c_s3_mul_i_2__0_n_6
    SLICE_X47Y152        CARRY4 (Prop_carry4_S[1]_CO[3])
                                                      0.856     9.087 r  u_accel/g_lanes[14].u_lane/c_kc2_b0[-1111111098]_i_40__11/CO[3]
                         net (fo=1, routed)           0.000     9.087    u_accel/g_lanes[14].u_lane/c_kc2_b0[-1111111098]_i_40__11_n_0
    SLICE_X47Y153        CARRY4 (Prop_carry4_CI_O[0])
                                                      0.222     9.309 r  u_accel/g_lanes[14].u_lane/c_kc2_b0[-1111111097]_i_134__13/O[0]
                         net (fo=2, routed)           0.842    10.151    u_accel/g_lanes[14].u_lane/c_kc2_b0[-1111111097]_i_134__13_n_7
    SLICE_X45Y150        LUT4 (Prop_lut4_I2_O)        0.299    10.450 r  u_accel/g_lanes[14].u_lane/c_kc2_b0[-1111111097]_i_101__13/O
                         net (fo=1, routed)           0.000    10.450    u_accel/g_lanes[14].u_lane/c_kc2_b0[-1111111097]_i_101__13_n_0
    SLICE_X45Y150        CARRY4 (Prop_carry4_S[1]_O[3])
                                                      0.640    11.090 r  u_accel/g_lanes[14].u_lane/c_kc2_b0[-1111111097]_i_53__13/O[3]
                         net (fo=3, routed)           0.732    11.823    u_accel/g_lanes[14].u_lane/c_kc2_b0[-1111111097]_i_53__13_n_4
    SLICE_X42Y155        LUT3 (Prop_lut3_I1_O)        0.306    12.129 r  u_accel/g_lanes[14].u_lane/c_kc2_b0[-1111111097]_i_57__13/O
                         net (fo=3, routed)           0.326    12.455    u_accel/g_lanes[14].u_lane/c_kc2_b0[-1111111097]_i_57__13_n_0
    SLICE_X41Y155        LUT5 (Prop_lut5_I1_O)        0.124    12.579 r  u_accel/g_lanes[14].u_lane/c_kc2_b0[-1111111097]_i_28__13/O
                         net (fo=1, routed)           0.721    13.300    u_accel/g_lanes[14].u_lane/c_kc2_b0[-1111111097]_i_28__13_n_0
    SLICE_X46Y154        CARRY4 (Prop_carry4_DI[0]_CO[3])
                                                      0.550    13.850 r  u_accel/g_lanes[14].u_lane/c_kc2_b0[-1111111097]_i_14__13/CO[3]
                         net (fo=1, routed)           0.000    13.850    u_accel/g_lanes[14].u_lane/c_kc2_b0[-1111111097]_i_14__13_n_0
    SLICE_X46Y155        CARRY4 (Prop_carry4_CI_O[1])
                                                      0.323    14.173 r  u_accel/g_lanes[14].u_lane/c_kc2_b0_i_37__13/O[1]
                         net (fo=1, routed)           0.613    14.786    u_accel/g_lanes[14].u_lane/c_kc2_b0_i_37__13_n_6
    SLICE_X55Y156        CARRY4 (Prop_carry4_S[1]_CO[3])
                                                      0.856    15.642 r  u_accel/g_lanes[14].u_lane/c_kc2_b0_i_23__13/CO[3]
                         net (fo=1, routed)           0.000    15.642    u_accel/g_lanes[14].u_lane/c_kc2_b0_i_23__13_n_0
    SLICE_X55Y157        CARRY4 (Prop_carry4_CI_O[0])
                                                      0.222    15.864 r  u_accel/g_lanes[14].u_lane/c_kc2_b0_i_19__13/O[0]
                         net (fo=2, routed)           0.954    16.818    u_accel/g_lanes[14].u_lane/PCIN__4[28]
    SLICE_X59Y150        LUT2 (Prop_lut2_I0_O)        0.299    17.117 r  u_accel/g_lanes[14].u_lane/c_kc2_b0_i_24__13/O
                         net (fo=1, routed)           0.000    17.117    u_accel/g_lanes[14].u_lane/c_kc2_b0_i_24__13_n_0
    SLICE_X59Y150        CARRY4 (Prop_carry4_S[3]_CO[3])
                                                      0.401    17.518 r  u_accel/g_lanes[14].u_lane/c_kc2_b0_i_5__13/CO[3]
                         net (fo=1, routed)           0.000    17.518    u_accel/g_lanes[14].u_lane/c_kc2_b0_i_5__13_n_0
    SLICE_X59Y151        CARRY4 (Prop_carry4_CI_O[0])
                                                      0.222    17.740 r  u_accel/g_lanes[14].u_lane/c_kc2_b0_i_4__13/O[0]
                         net (fo=2, routed)           0.471    18.211    u_accel/g_lanes[14].u_lane/c_kc2_b0_i_4__13_n_7
    SLICE_X60Y151        LUT2 (Prop_lut2_I0_O)        0.299    18.510 r  u_accel/g_lanes[14].u_lane/c_kc2_b0_i_8__13/O
                         net (fo=1, routed)           0.000    18.510    u_accel/g_lanes[14].u_lane/c_kc2_b0_i_8__13_n_0
    SLICE_X60Y151        CARRY4 (Prop_carry4_S[1]_O[3])
                                                      0.643    19.153 r  u_accel/g_lanes[14].u_lane/c_kc2_b0_i_1__13/O[3]
                         net (fo=2, routed)           0.695    19.847    u_accel/g_lanes[14].u_lane/c_s1_mul__2[31]
    DSP48_X1Y60          DSP48E1                                      r  u_accel/g_lanes[14].u_lane/c_kc2_b0/A[14]
  -------------------------------------------------------------------    -------------------

                         (clock sys_clk_pin rise edge)
                                                     10.000    10.000 r  
    E3                                                0.000    10.000 r  clk (IN)
                         net (fo=0)                   0.000    10.000    clk
    E3                   IBUF (Prop_ibuf_I_O)         1.411    11.411 r  clk_IBUF_inst/O
                         net (fo=1, routed)           1.920    13.331    clk_IBUF
    BUFGCTRL_X0Y16       BUFG (Prop_bufg_I_O)         0.091    13.422 r  clk_IBUF_BUFG_inst/O
                         net (fo=9592, routed)        1.754    15.176    u_accel/g_lanes[14].u_lane/clk_IBUF_BUFG
    DSP48_X1Y60          DSP48E1                                      r  u_accel/g_lanes[14].u_lane/c_kc2_b0/CLK
                         clock pessimism              0.197    15.373    
                         clock uncertainty           -0.035    15.338    
    DSP48_X1Y60          DSP48E1 (Setup_dsp48e1_CLK_A[14])
                                                     -0.545    14.793    u_accel/g_lanes[14].u_lane/c_kc2_b0
  -------------------------------------------------------------------
                         required time                         14.793    
                         arrival time                         -19.847    
  -------------------------------------------------------------------
                         slack                                 -5.055    





Min Delay Paths
--------------------------------------------------------------------------------------
Slack (MET) :             0.025ns  (arrival time - required time)
  Source:                 u_accel/g_lanes[7].u_lane/s4_h_reg[5]/C
                            (rising edge-triggered cell FDRE clocked by sys_clk_pin  {rise@0.000ns fall@5.000ns period=10.000ns})
  Destination:            u_accel/g_lanes[7].u_lane/s5_h_reg[5]/D
                            (rising edge-triggered cell FDRE clocked by sys_clk_pin  {rise@0.000ns fall@5.000ns period=10.000ns})
  Path Group:             sys_clk_pin
  Path Type:              Hold (Min at Fast Process Corner)
  Requirement:            0.000ns  (sys_clk_pin rise@0.000ns - sys_clk_pin rise@0.000ns)
  Data Path Delay:        0.285ns  (logic 0.141ns (49.410%)  route 0.144ns (50.590%))
  Logic Levels:           0  
  Clock Path Skew:        0.197ns (DCD - SCD - CPR)
    Destination Clock Delay (DCD):    2.034ns
    Source Clock Delay      (SCD):    1.586ns
    Clock Pessimism Removal (CPR):    0.250ns

    Location             Delay type                Incr(ns)  Path(ns)    Netlist Resource(s)
  -------------------------------------------------------------------    -------------------
                         (clock sys_clk_pin rise edge)
                                                      0.000     0.000 r  
    E3                                                0.000     0.000 r  clk (IN)
                         net (fo=0)                   0.000     0.000    clk
    E3                   IBUF (Prop_ibuf_I_O)         0.250     0.250 r  clk_IBUF_inst/O
                         net (fo=1, routed)           0.644     0.894    clk_IBUF
    BUFGCTRL_X0Y16       BUFG (Prop_bufg_I_O)         0.026     0.920 r  clk_IBUF_BUFG_inst/O
                         net (fo=9592, routed)        0.666     1.586    u_accel/g_lanes[7].u_lane/clk_IBUF_BUFG
    SLICE_X81Y150        FDRE                                         r  u_accel/g_lanes[7].u_lane/s4_h_reg[5]/C
  -------------------------------------------------------------------    -------------------
    SLICE_X81Y150        FDRE (Prop_fdre_C_Q)         0.141     1.727 r  u_accel/g_lanes[7].u_lane/s4_h_reg[5]/Q
                         net (fo=1, routed)           0.144     1.871    u_accel/g_lanes[7].u_lane/s4_h[5]
    SLICE_X80Y148        FDRE                                         r  u_accel/g_lanes[7].u_lane/s5_h_reg[5]/D
  -------------------------------------------------------------------    -------------------

                         (clock sys_clk_pin rise edge)
                                                      0.000     0.000 r  
    E3                                                0.000     0.000 r  clk (IN)
                         net (fo=0)                   0.000     0.000    clk
    E3                   IBUF (Prop_ibuf_I_O)         0.438     0.438 r  clk_IBUF_inst/O
                         net (fo=1, routed)           0.699     1.136    clk_IBUF
    BUFGCTRL_X0Y16       BUFG (Prop_bufg_I_O)         0.029     1.165 r  clk_IBUF_BUFG_inst/O
                         net (fo=9592, routed)        0.868     2.034    u_accel/g_lanes[7].u_lane/clk_IBUF_BUFG
    SLICE_X80Y148        FDRE                                         r  u_accel/g_lanes[7].u_lane/s5_h_reg[5]/C
                         clock pessimism             -0.250     1.783    
    SLICE_X80Y148        FDRE (Hold_fdre_C_D)         0.063     1.846    u_accel/g_lanes[7].u_lane/s5_h_reg[5]
  -------------------------------------------------------------------
                         required time                         -1.846    
                         arrival time                           1.871    
  -------------------------------------------------------------------
                         slack                                  0.025    





Pulse Width Checks
--------------------------------------------------------------------------------------
Clock Name:         sys_clk_pin
Waveform(ns):       { 0.000 5.000 }
Period(ns):         10.000
Sources:            { clk }

Check Type        Corner  Lib Pin     Reference Pin  Required(ns)  Actual(ns)  Slack(ns)  Location        Pin
Min Period        n/a     BUFG/I      n/a            2.155         10.000      7.845      BUFGCTRL_X0Y16  clk_IBUF_BUFG_inst/I
Low Pulse Width   Slow    SRL16E/CLK  n/a            0.980         5.000       4.020      SLICE_X30Y56    u_accel/g_lanes[0].u_lane/s3_key_reg[34]_srl3/CLK
High Pulse Width  Slow    SRL16E/CLK  n/a            0.980         5.000       4.020      SLICE_X30Y56    u_accel/g_lanes[0].u_lane/s3_key_reg[34]_srl3/CLK



