Copyright 1986-2022 Xilinx, Inc. All Rights Reserved. Copyright 2022-2024 Advanced Micro Devices, Inc. All Rights Reserved.
---------------------------------------------------------------------------------------------------------------------------------------------
| Tool Version : Vivado v.2024.2 (win64) Build 5239630 Fri Nov 08 22:35:27 MST 2024
| Date         : Sun Apr 26 13:29:26 2026
| Host         : JayNathan running 64-bit major release  (build 9200)
| Command      : report_timing_summary -file C:/Users/jayna/Desktop/MurmurHash3-Accelerator/murmurhash3_vivado/reports/timing_N1.rpt
| Design       : fpga_top
| Device       : 7a100t-csg324
| Speed File   : -1  PRODUCTION 1.23 2018-06-13
| Design State : Routed
---------------------------------------------------------------------------------------------------------------------------------------------

Timing Summary Report

------------------------------------------------------------------------------------------------
| Timer Settings
| --------------
------------------------------------------------------------------------------------------------

  Enable Multi Corner Analysis               :  Yes
  Enable Pessimism Removal                   :  Yes
  Pessimism Removal Resolution               :  Nearest Common Node
  Enable Input Delay Default Clock           :  No
  Enable Preset / Clear Arcs                 :  No
  Disable Flight Delays                      :  No
  Ignore I/O Paths                           :  No
  Timing Early Launch at Borrowing Latches   :  No
  Borrow Time for Max Delay Exceptions       :  Yes
  Merge Timing Exceptions                    :  Yes
  Inter-SLR Compensation                     :  Conservative

  Corner  Analyze    Analyze    
  Name    Max Paths  Min Paths  
  ------  ---------  ---------  
  Slow    Yes        Yes        
  Fast    Yes        Yes        


------------------------------------------------------------------------------------------------
| Report Methodology
| ------------------
------------------------------------------------------------------------------------------------

Rule       Severity  Description                    Violations  
---------  --------  -----------------------------  ----------  
DPIR-1     Warning   Asynchronous driver check      62          
SYNTH-10   Warning   Wide multiplier                30          
TIMING-16  Warning   Large setup violation          88          
TIMING-18  Warning   Missing input or output delay  16          

Note: This report is based on the most recent report_methodology run and may not be up-to-date. Run report_methodology on the current design for the latest report.



check_timing report

Table of Contents
-----------------
1. checking no_clock (0)
2. checking constant_clock (0)
3. checking pulse_width_clock (0)
4. checking unconstrained_internal_endpoints (0)
5. checking no_input_delay (1)
6. checking no_output_delay (16)
7. checking multiple_clock (0)
8. checking generated_clocks (0)
9. checking loops (0)
10. checking partial_input_delay (0)
11. checking partial_output_delay (0)
12. checking latch_loops (0)

1. checking no_clock (0)
------------------------
 There are 0 register/latch pins with no clock.


2. checking constant_clock (0)
------------------------------
 There are 0 register/latch pins with constant_clock.


3. checking pulse_width_clock (0)
---------------------------------
 There are 0 register/latch pins which need pulse_width check


4. checking unconstrained_internal_endpoints (0)
------------------------------------------------
 There are 0 pins that are not constrained for maximum delay.

 There are 0 pins that are not constrained for maximum delay due to constant clock.


5. checking no_input_delay (1)
------------------------------
 There are 0 input ports with no input delay specified.

 There is 1 input port with no input delay but user has a false path constraint. (MEDIUM)


6. checking no_output_delay (16)
--------------------------------
 There are 16 ports with no output delay specified. (HIGH)

 There are 0 ports with no output delay but user has a false path constraint

 There are 0 ports with no output delay but with a timing clock defined on it or propagating through it


7. checking multiple_clock (0)
------------------------------
 There are 0 register/latch pins with multiple clocks.


8. checking generated_clocks (0)
--------------------------------
 There are 0 generated clocks that are not connected to a clock source.


9. checking loops (0)
---------------------
 There are 0 combinational loops in the design.


10. checking partial_input_delay (0)
------------------------------------
 There are 0 input ports with partial input delay specified.


11. checking partial_output_delay (0)
-------------------------------------
 There are 0 ports with partial output delay specified.


12. checking latch_loops (0)
----------------------------
 There are 0 combinational latch loops in the design through latch input



------------------------------------------------------------------------------------------------
| Design Timing Summary
| ---------------------
------------------------------------------------------------------------------------------------

    WNS(ns)      TNS(ns)  TNS Failing Endpoints  TNS Total Endpoints      WHS(ns)      THS(ns)  THS Failing Endpoints  THS Total Endpoints     WPWS(ns)     TPWS(ns)  TPWS Failing Endpoints  TPWS Total Endpoints  
    -------      -------  ---------------------  -------------------      -------      -------  ---------------------  -------------------     --------     --------  ----------------------  --------------------  
     -2.149     -158.941                    190                  861        0.073        0.000                      0                  861        4.500        0.000                       0                   477  


Timing constraints are not met.


------------------------------------------------------------------------------------------------
| Clock Summary
| -------------
------------------------------------------------------------------------------------------------

Clock        Waveform(ns)       Period(ns)      Frequency(MHz)
-----        ------------       ----------      --------------
sys_clk_pin  {0.000 5.000}      10.000          100.000         


------------------------------------------------------------------------------------------------
| Intra Clock Table
| -----------------
------------------------------------------------------------------------------------------------

Clock             WNS(ns)      TNS(ns)  TNS Failing Endpoints  TNS Total Endpoints      WHS(ns)      THS(ns)  THS Failing Endpoints  THS Total Endpoints     WPWS(ns)     TPWS(ns)  TPWS Failing Endpoints  TPWS Total Endpoints  
-----             -------      -------  ---------------------  -------------------      -------      -------  ---------------------  -------------------     --------     --------  ----------------------  --------------------  
sys_clk_pin        -2.149     -158.941                    190                  861        0.073        0.000                      0                  861        4.500        0.000                       0                   477  


------------------------------------------------------------------------------------------------
| Inter Clock Table
| -----------------
------------------------------------------------------------------------------------------------

From Clock    To Clock          WNS(ns)      TNS(ns)  TNS Failing Endpoints  TNS Total Endpoints      WHS(ns)      THS(ns)  THS Failing Endpoints  THS Total Endpoints  
----------    --------          -------      -------  ---------------------  -------------------      -------      -------  ---------------------  -------------------  


------------------------------------------------------------------------------------------------
| Other Path Groups Table
| -----------------------
------------------------------------------------------------------------------------------------

Path Group    From Clock    To Clock          WNS(ns)      TNS(ns)  TNS Failing Endpoints  TNS Total Endpoints      WHS(ns)      THS(ns)  THS Failing Endpoints  THS Total Endpoints  
----------    ----------    --------          -------      -------  ---------------------  -------------------      -------      -------  ---------------------  -------------------  


------------------------------------------------------------------------------------------------
| Timing Details
| --------------
------------------------------------------------------------------------------------------------


---------------------------------------------------------------------------------------------------
From Clock:  sys_clk_pin
  To Clock:  sys_clk_pin

Setup :          190  Failing Endpoints,  Worst Slack       -2.149ns,  Total Violation     -158.941ns
Hold  :            0  Failing Endpoints,  Worst Slack        0.073ns,  Total Violation        0.000ns
PW    :            0  Failing Endpoints,  Worst Slack        4.500ns,  Total Violation        0.000ns
---------------------------------------------------------------------------------------------------


Max Delay Paths
--------------------------------------------------------------------------------------
Slack (VIOLATED) :        -2.149ns  (required time - arrival time)
  Source:                 u_accel/g_lanes[0].u_lane/c_kc2_b3__0/CLK
                            (rising edge-triggered cell DSP48E1 clocked by sys_clk_pin  {rise@0.000ns fall@5.000ns period=10.000ns})
  Destination:            u_accel/g_lanes[0].u_lane/s9_h0_carry__2_i_1_psdsp_2/D
                            (rising edge-triggered cell FDRE clocked by sys_clk_pin  {rise@0.000ns fall@5.000ns period=10.000ns})
  Path Group:             sys_clk_pin
  Path Type:              Setup (Max at Slow Process Corner)
  Requirement:            10.000ns  (sys_clk_pin rise@10.000ns - sys_clk_pin rise@0.000ns)
  Data Path Delay:        11.547ns  (logic 9.261ns (80.202%)  route 2.286ns (19.798%))
  Logic Levels:           13  (CARRY4=11 DSP48E1=1 LUT4=1)
  Clock Path Skew:        -0.379ns (DCD - SCD + CPR)
    Destination Clock Delay (DCD):    4.947ns = ( 14.947 - 10.000 ) 
    Source Clock Delay      (SCD):    5.512ns
    Clock Pessimism Removal (CPR):    0.187ns
  Clock Uncertainty:      0.035ns  ((TSJ^2 + TIJ^2)^1/2 + DJ) / 2 + PE
    Total System Jitter     (TSJ):    0.071ns
    Total Input Jitter      (TIJ):    0.000ns
    Discrete Jitter          (DJ):    0.000ns
    Phase Error              (PE):    0.000ns

    Location             Delay type                Incr(ns)  Path(ns)    Netlist Resource(s)
  -------------------------------------------------------------------    -------------------
                         (clock sys_clk_pin rise edge)
                                                      0.000     0.000 r  
    E3                                                0.000     0.000 r  clk (IN)
                         net (fo=0)                   0.000     0.000    clk
    E3                   IBUF (Prop_ibuf_I_O)         1.482     1.482 r  clk_IBUF_inst/O
                         net (fo=1, routed)           2.025     3.506    clk_IBUF
    BUFGCTRL_X0Y16       BUFG (Prop_bufg_I_O)         0.096     3.602 r  clk_IBUF_BUFG_inst/O
                         net (fo=489, routed)         1.910     5.512    u_accel/g_lanes[0].u_lane/clk_IBUF_BUFG
    DSP48_X0Y18          DSP48E1                                      r  u_accel/g_lanes[0].u_lane/c_kc2_b3__0/CLK
  -------------------------------------------------------------------    -------------------
    DSP48_X0Y18          DSP48E1 (Prop_dsp48e1_CLK_PCOUT[47])
                                                      4.206     9.718 r  u_accel/g_lanes[0].u_lane/c_kc2_b3__0/PCOUT[47]
                         net (fo=1, routed)           0.002     9.720    u_accel/g_lanes[0].u_lane/c_kc2_b3__0_n_106
    DSP48_X0Y19          DSP48E1 (Prop_dsp48e1_PCIN[47]_P[0])
                                                      1.518    11.238 r  u_accel/g_lanes[0].u_lane/c_kc2_b3__1/P[0]
                         net (fo=2, routed)           0.716    11.955    u_accel/g_lanes[0].u_lane/c_kc2_b3__1_n_105
    SLICE_X11Y45         CARRY4 (Prop_carry4_DI[1]_CO[3])
                                                      0.507    12.462 r  u_accel/g_lanes[0].u_lane/c_kc2_b3_carry/CO[3]
                         net (fo=1, routed)           0.000    12.462    u_accel/g_lanes[0].u_lane/c_kc2_b3_carry_n_0
    SLICE_X11Y46         CARRY4 (Prop_carry4_CI_O[1])
                                                      0.334    12.796 r  u_accel/g_lanes[0].u_lane/c_kc2_b3_carry__0/O[1]
                         net (fo=3, routed)           0.650    13.445    u_accel/g_lanes[0].u_lane/k_c2[21]
    SLICE_X12Y47         LUT4 (Prop_lut4_I1_O)        0.303    13.748 r  u_accel/g_lanes[0].u_lane/i__carry_i_6__1/O
                         net (fo=1, routed)           0.000    13.748    u_accel/g_lanes[0].u_lane/i__carry_i_6__1_n_0
    SLICE_X12Y47         CARRY4 (Prop_carry4_S[1]_CO[3])
                                                      0.533    14.281 r  u_accel/g_lanes[0].u_lane/sub_b_mix_return0_inferred__2/i__carry/CO[3]
                         net (fo=1, routed)           0.000    14.281    u_accel/g_lanes[0].u_lane/sub_b_mix_return0_inferred__2/i__carry_n_0
    SLICE_X12Y48         CARRY4 (Prop_carry4_CI_CO[3])
                                                      0.117    14.398 r  u_accel/g_lanes[0].u_lane/sub_b_mix_return0_inferred__2/i__carry__0/CO[3]
                         net (fo=1, routed)           0.000    14.398    u_accel/g_lanes[0].u_lane/sub_b_mix_return0_inferred__2/i__carry__0_n_0
    SLICE_X12Y49         CARRY4 (Prop_carry4_CI_CO[3])
                                                      0.117    14.515 r  u_accel/g_lanes[0].u_lane/sub_b_mix_return0_inferred__2/i__carry__1/CO[3]
                         net (fo=1, routed)           0.001    14.516    u_accel/g_lanes[0].u_lane/sub_b_mix_return0_inferred__2/i__carry__1_n_0
    SLICE_X12Y50         CARRY4 (Prop_carry4_CI_CO[3])
                                                      0.117    14.633 r  u_accel/g_lanes[0].u_lane/sub_b_mix_return0_inferred__2/i__carry__2/CO[3]
                         net (fo=1, routed)           0.000    14.633    u_accel/g_lanes[0].u_lane/sub_b_mix_return0_inferred__2/i__carry__2_n_0
    SLICE_X12Y51         CARRY4 (Prop_carry4_CI_O[0])
                                                      0.219    14.852 r  u_accel/g_lanes[0].u_lane/sub_b_mix_return0_inferred__2/i__carry__3/O[0]
                         net (fo=1, routed)           0.592    15.444    u_accel/g_lanes[0].u_lane/sub_b_mix_return0_inferred__2/i__carry__3_n_7
    SLICE_X13Y51         CARRY4 (Prop_carry4_S[0]_CO[3])
                                                      0.827    16.271 r  u_accel/g_lanes[0].u_lane/sub_b_mix_return_inferred__2/i__carry__3/CO[3]
                         net (fo=1, routed)           0.000    16.271    u_accel/g_lanes[0].u_lane/sub_b_mix_return_inferred__2/i__carry__3_n_0
    SLICE_X13Y52         CARRY4 (Prop_carry4_CI_CO[3])
                                                      0.114    16.385 r  u_accel/g_lanes[0].u_lane/sub_b_mix_return_inferred__2/i__carry__4/CO[3]
                         net (fo=1, routed)           0.000    16.385    u_accel/g_lanes[0].u_lane/sub_b_mix_return_inferred__2/i__carry__4_n_0
    SLICE_X13Y53         CARRY4 (Prop_carry4_CI_CO[3])
                                                      0.114    16.499 r  u_accel/g_lanes[0].u_lane/sub_b_mix_return_inferred__2/i__carry__5/CO[3]
                         net (fo=1, routed)           0.000    16.499    u_accel/g_lanes[0].u_lane/sub_b_mix_return_inferred__2/i__carry__5_n_0
    SLICE_X13Y54         CARRY4 (Prop_carry4_CI_O[0])
                                                      0.235    16.734 r  u_accel/g_lanes[0].u_lane/sub_b_mix_return_inferred__2/i__carry__6/O[0]
                         net (fo=2, routed)           0.326    17.059    u_accel/g_lanes[0].u_lane/sub_b_mix_return_inferred__2/i__carry__6_n_7
    SLICE_X14Y54         FDRE                                         r  u_accel/g_lanes[0].u_lane/s9_h0_carry__2_i_1_psdsp_2/D
  -------------------------------------------------------------------    -------------------

                         (clock sys_clk_pin rise edge)
                                                     10.000    10.000 r  
    E3                                                0.000    10.000 r  clk (IN)
                         net (fo=0)                   0.000    10.000    clk
    E3                   IBUF (Prop_ibuf_I_O)         1.411    11.411 r  clk_IBUF_inst/O
                         net (fo=1, routed)           1.920    13.331    clk_IBUF
    BUFGCTRL_X0Y16       BUFG (Prop_bufg_I_O)         0.091    13.422 r  clk_IBUF_BUFG_inst/O
                         net (fo=489, routed)         1.524    14.947    u_accel/g_lanes[0].u_lane/clk_IBUF_BUFG
    SLICE_X14Y54         FDRE                                         r  u_accel/g_lanes[0].u_lane/s9_h0_carry__2_i_1_psdsp_2/C
                         clock pessimism              0.187    15.134    
                         clock uncertainty           -0.035    15.098    
    SLICE_X14Y54         FDRE (Setup_fdre_C_D)       -0.188    14.910    u_accel/g_lanes[0].u_lane/s9_h0_carry__2_i_1_psdsp_2
  -------------------------------------------------------------------
                         required time                         14.910    
                         arrival time                         -17.059    
  -------------------------------------------------------------------
                         slack                                 -2.149    





Min Delay Paths
--------------------------------------------------------------------------------------
Slack (MET) :             0.073ns  (arrival time - required time)
  Source:                 u_accel/g_lanes[0].u_lane/s2_h_reg[0]/C
                            (rising edge-triggered cell FDRE clocked by sys_clk_pin  {rise@0.000ns fall@5.000ns period=10.000ns})
  Destination:            u_accel/g_lanes[0].u_lane/s3_h_reg[0]/D
                            (rising edge-triggered cell FDRE clocked by sys_clk_pin  {rise@0.000ns fall@5.000ns period=10.000ns})
  Path Group:             sys_clk_pin
  Path Type:              Hold (Min at Fast Process Corner)
  Requirement:            0.000ns  (sys_clk_pin rise@0.000ns - sys_clk_pin rise@0.000ns)
  Data Path Delay:        0.461ns  (logic 0.164ns (35.587%)  route 0.297ns (64.413%))
  Logic Levels:           0  
  Clock Path Skew:        0.336ns (DCD - SCD - CPR)
    Destination Clock Delay (DCD):    2.071ns
    Source Clock Delay      (SCD):    1.484ns
    Clock Pessimism Removal (CPR):    0.250ns

    Location             Delay type                Incr(ns)  Path(ns)    Netlist Resource(s)
  -------------------------------------------------------------------    -------------------
                         (clock sys_clk_pin rise edge)
                                                      0.000     0.000 r  
    E3                                                0.000     0.000 r  clk (IN)
                         net (fo=0)                   0.000     0.000    clk
    E3                   IBUF (Prop_ibuf_I_O)         0.250     0.250 r  clk_IBUF_inst/O
                         net (fo=1, routed)           0.644     0.894    clk_IBUF
    BUFGCTRL_X0Y16       BUFG (Prop_bufg_I_O)         0.026     0.920 r  clk_IBUF_BUFG_inst/O
                         net (fo=489, routed)         0.565     1.484    u_accel/g_lanes[0].u_lane/clk_IBUF_BUFG
    SLICE_X56Y54         FDRE                                         r  u_accel/g_lanes[0].u_lane/s2_h_reg[0]/C
  -------------------------------------------------------------------    -------------------
    SLICE_X56Y54         FDRE (Prop_fdre_C_Q)         0.164     1.648 r  u_accel/g_lanes[0].u_lane/s2_h_reg[0]/Q
                         net (fo=1, routed)           0.297     1.945    u_accel/g_lanes[0].u_lane/s2_h[0]
    SLICE_X56Y48         FDRE                                         r  u_accel/g_lanes[0].u_lane/s3_h_reg[0]/D
  -------------------------------------------------------------------    -------------------

                         (clock sys_clk_pin rise edge)
                                                      0.000     0.000 r  
    E3                                                0.000     0.000 r  clk (IN)
                         net (fo=0)                   0.000     0.000    clk
    E3                   IBUF (Prop_ibuf_I_O)         0.438     0.438 r  clk_IBUF_inst/O
                         net (fo=1, routed)           0.699     1.136    clk_IBUF
    BUFGCTRL_X0Y16       BUFG (Prop_bufg_I_O)         0.029     1.165 r  clk_IBUF_BUFG_inst/O
                         net (fo=489, routed)         0.906     2.071    u_accel/g_lanes[0].u_lane/clk_IBUF_BUFG
    SLICE_X56Y48         FDRE                                         r  u_accel/g_lanes[0].u_lane/s3_h_reg[0]/C
                         clock pessimism             -0.250     1.820    
    SLICE_X56Y48         FDRE (Hold_fdre_C_D)         0.052     1.872    u_accel/g_lanes[0].u_lane/s3_h_reg[0]
  -------------------------------------------------------------------
                         required time                         -1.872    
                         arrival time                           1.945    
  -------------------------------------------------------------------
                         slack                                  0.073    





Pulse Width Checks
--------------------------------------------------------------------------------------
Clock Name:         sys_clk_pin
Waveform(ns):       { 0.000 5.000 }
Period(ns):         10.000
Sources:            { clk }

Check Type        Corner  Lib Pin  Reference Pin  Required(ns)  Actual(ns)  Slack(ns)  Location        Pin
Min Period        n/a     BUFG/I   n/a            2.155         10.000      7.845      BUFGCTRL_X0Y16  clk_IBUF_BUFG_inst/I
Low Pulse Width   Slow    FDCE/C   n/a            0.500         5.000       4.500      SLICE_X57Y50    counter_reg[0]/C
High Pulse Width  Slow    FDCE/C   n/a            0.500         5.000       4.500      SLICE_X57Y50    counter_reg[0]/C



