Copyright 1986-2022 Xilinx, Inc. All Rights Reserved. Copyright 2022-2024 Advanced Micro Devices, Inc. All Rights Reserved.
---------------------------------------------------------------------------------------------------------------------------------------------
| Tool Version : Vivado v.2024.2 (win64) Build 5239630 Fri Nov 08 22:35:27 MST 2024
| Date         : Sun Apr 26 13:34:13 2026
| Host         : JayNathan running 64-bit major release  (build 9200)
| Command      : report_timing_summary -file C:/Users/jayna/Desktop/MurmurHash3-Accelerator/murmurhash3_vivado/reports/timing_N4.rpt
| Design       : fpga_top
| Device       : 7a100t-csg324
| Speed File   : -1  PRODUCTION 1.23 2018-06-13
| Design State : Routed
---------------------------------------------------------------------------------------------------------------------------------------------

Timing Summary Report

------------------------------------------------------------------------------------------------
| Timer Settings
| --------------
------------------------------------------------------------------------------------------------

  Enable Multi Corner Analysis               :  Yes
  Enable Pessimism Removal                   :  Yes
  Pessimism Removal Resolution               :  Nearest Common Node
  Enable Input Delay Default Clock           :  No
  Enable Preset / Clear Arcs                 :  No
  Disable Flight Delays                      :  No
  Ignore I/O Paths                           :  No
  Timing Early Launch at Borrowing Latches   :  No
  Borrow Time for Max Delay Exceptions       :  Yes
  Merge Timing Exceptions                    :  Yes
  Inter-SLR Compensation                     :  Conservative

  Corner  Analyze    Analyze    
  Name    Max Paths  Min Paths  
  ------  ---------  ---------  
  Slow    Yes        Yes        
  Fast    Yes        Yes        


------------------------------------------------------------------------------------------------
| Report Methodology
| ------------------
------------------------------------------------------------------------------------------------

Rule       Severity  Description                    Violations  
---------  --------  -----------------------------  ----------  
DPIR-1     Warning   Asynchronous driver check      62          
SYNTH-10   Warning   Wide multiplier                120         
TIMING-16  Warning   Large setup violation          418         
TIMING-18  Warning   Missing input or output delay  16          

Note: This report is based on the most recent report_methodology run and may not be up-to-date. Run report_methodology on the current design for the latest report.



check_timing report

Table of Contents
-----------------
1. checking no_clock (0)
2. checking constant_clock (0)
3. checking pulse_width_clock (0)
4. checking unconstrained_internal_endpoints (0)
5. checking no_input_delay (1)
6. checking no_output_delay (16)
7. checking multiple_clock (0)
8. checking generated_clocks (0)
9. checking loops (0)
10. checking partial_input_delay (0)
11. checking partial_output_delay (0)
12. checking latch_loops (0)

1. checking no_clock (0)
------------------------
 There are 0 register/latch pins with no clock.


2. checking constant_clock (0)
------------------------------
 There are 0 register/latch pins with constant_clock.


3. checking pulse_width_clock (0)
---------------------------------
 There are 0 register/latch pins which need pulse_width check


4. checking unconstrained_internal_endpoints (0)
------------------------------------------------
 There are 0 pins that are not constrained for maximum delay.

 There are 0 pins that are not constrained for maximum delay due to constant clock.


5. checking no_input_delay (1)
------------------------------
 There are 0 input ports with no input delay specified.

 There is 1 input port with no input delay but user has a false path constraint. (MEDIUM)


6. checking no_output_delay (16)
--------------------------------
 There are 16 ports with no output delay specified. (HIGH)

 There are 0 ports with no output delay but user has a false path constraint

 There are 0 ports with no output delay but with a timing clock defined on it or propagating through it


7. checking multiple_clock (0)
------------------------------
 There are 0 register/latch pins with multiple clocks.


8. checking generated_clocks (0)
--------------------------------
 There are 0 generated clocks that are not connected to a clock source.


9. checking loops (0)
---------------------
 There are 0 combinational loops in the design.


10. checking partial_input_delay (0)
------------------------------------
 There are 0 input ports with partial input delay specified.


11. checking partial_output_delay (0)
-------------------------------------
 There are 0 ports with partial output delay specified.


12. checking latch_loops (0)
----------------------------
 There are 0 combinational latch loops in the design through latch input



------------------------------------------------------------------------------------------------
| Design Timing Summary
| ---------------------
------------------------------------------------------------------------------------------------

    WNS(ns)      TNS(ns)  TNS Failing Endpoints  TNS Total Endpoints      WHS(ns)      THS(ns)  THS Failing Endpoints  THS Total Endpoints     WPWS(ns)     TPWS(ns)  TPWS Failing Endpoints  TPWS Total Endpoints  
    -------      -------  ---------------------  -------------------      -------      -------  ---------------------  -------------------     --------     --------  ----------------------  --------------------  
     -2.360     -860.492                    755                 3361        0.046        0.000                      0                 3361        4.500        0.000                       0                  1858  


Timing constraints are not met.


------------------------------------------------------------------------------------------------
| Clock Summary
| -------------
------------------------------------------------------------------------------------------------

Clock        Waveform(ns)       Period(ns)      Frequency(MHz)
-----        ------------       ----------      --------------
sys_clk_pin  {0.000 5.000}      10.000          100.000         


------------------------------------------------------------------------------------------------
| Intra Clock Table
| -----------------
------------------------------------------------------------------------------------------------

Clock             WNS(ns)      TNS(ns)  TNS Failing Endpoints  TNS Total Endpoints      WHS(ns)      THS(ns)  THS Failing Endpoints  THS Total Endpoints     WPWS(ns)     TPWS(ns)  TPWS Failing Endpoints  TPWS Total Endpoints  
-----             -------      -------  ---------------------  -------------------      -------      -------  ---------------------  -------------------     --------     --------  ----------------------  --------------------  
sys_clk_pin        -2.360     -860.492                    755                 3361        0.046        0.000                      0                 3361        4.500        0.000                       0                  1858  


------------------------------------------------------------------------------------------------
| Inter Clock Table
| -----------------
------------------------------------------------------------------------------------------------

From Clock    To Clock          WNS(ns)      TNS(ns)  TNS Failing Endpoints  TNS Total Endpoints      WHS(ns)      THS(ns)  THS Failing Endpoints  THS Total Endpoints  
----------    --------          -------      -------  ---------------------  -------------------      -------      -------  ---------------------  -------------------  


------------------------------------------------------------------------------------------------
| Other Path Groups Table
| -----------------------
------------------------------------------------------------------------------------------------

Path Group    From Clock    To Clock          WNS(ns)      TNS(ns)  TNS Failing Endpoints  TNS Total Endpoints      WHS(ns)      THS(ns)  THS Failing Endpoints  THS Total Endpoints  
----------    ----------    --------          -------      -------  ---------------------  -------------------      -------      -------  ---------------------  -------------------  


------------------------------------------------------------------------------------------------
| Timing Details
| --------------
------------------------------------------------------------------------------------------------


---------------------------------------------------------------------------------------------------
From Clock:  sys_clk_pin
  To Clock:  sys_clk_pin

Setup :          755  Failing Endpoints,  Worst Slack       -2.360ns,  Total Violation     -860.492ns
Hold  :            0  Failing Endpoints,  Worst Slack        0.046ns,  Total Violation        0.000ns
PW    :            0  Failing Endpoints,  Worst Slack        4.500ns,  Total Violation        0.000ns
---------------------------------------------------------------------------------------------------


Max Delay Paths
--------------------------------------------------------------------------------------
Slack (VIOLATED) :        -2.360ns  (required time - arrival time)
  Source:                 counter_reg[5]_replica_1/C
                            (rising edge-triggered cell FDCE clocked by sys_clk_pin  {rise@0.000ns fall@5.000ns period=10.000ns})
  Destination:            u_accel/g_lanes[3].u_lane/c_kc2_b0__0/A[14]
                            (rising edge-triggered cell DSP48E1 clocked by sys_clk_pin  {rise@0.000ns fall@5.000ns period=10.000ns})
  Path Group:             sys_clk_pin
  Path Type:              Setup (Max at Slow Process Corner)
  Requirement:            10.000ns  (sys_clk_pin rise@10.000ns - sys_clk_pin rise@0.000ns)
  Data Path Delay:        11.841ns  (logic 8.390ns (70.858%)  route 3.451ns (29.142%))
  Logic Levels:           9  (CARRY4=6 DSP48E1=2 LUT2=1)
  Clock Path Skew:        0.060ns (DCD - SCD + CPR)
    Destination Clock Delay (DCD):    5.193ns = ( 15.193 - 10.000 ) 
    Source Clock Delay      (SCD):    5.401ns
    Clock Pessimism Removal (CPR):    0.267ns
  Clock Uncertainty:      0.035ns  ((TSJ^2 + TIJ^2)^1/2 + DJ) / 2 + PE
    Total System Jitter     (TSJ):    0.071ns
    Total Input Jitter      (TIJ):    0.000ns
    Discrete Jitter          (DJ):    0.000ns
    Phase Error              (PE):    0.000ns

    Location             Delay type                Incr(ns)  Path(ns)    Netlist Resource(s)
  -------------------------------------------------------------------    -------------------
                         (clock sys_clk_pin rise edge)
                                                      0.000     0.000 r  
    E3                                                0.000     0.000 r  clk (IN)
                         net (fo=0)                   0.000     0.000    clk
    E3                   IBUF (Prop_ibuf_I_O)         1.482     1.482 r  clk_IBUF_inst/O
                         net (fo=1, routed)           2.025     3.506    clk_IBUF
    BUFGCTRL_X0Y16       BUFG (Prop_bufg_I_O)         0.096     3.602 r  clk_IBUF_BUFG_inst/O
                         net (fo=1908, routed)        1.798     5.401    clk_IBUF_BUFG
    SLICE_X29Y27         FDCE                                         r  counter_reg[5]_replica_1/C
  -------------------------------------------------------------------    -------------------
    SLICE_X29Y27         FDCE (Prop_fdce_C_Q)         0.456     5.857 r  counter_reg[5]_replica_1/Q
                         net (fo=2, routed)           0.698     6.555    u_accel/g_lanes[3].u_lane/counter_reg[5]_repN_1_alias
    SLICE_X22Y22         CARRY4 (Prop_carry4_S[0]_CO[3])
                                                      0.656     7.211 r  u_accel/g_lanes[3].u_lane/s1_key_reg[40]_i_1__0/CO[3]
                         net (fo=1, routed)           0.000     7.211    u_accel/g_lanes[3].u_lane/s1_key_reg[40]_i_1__0_n_0
    SLICE_X22Y23         CARRY4 (Prop_carry4_CI_CO[3])
                                                      0.114     7.325 r  u_accel/g_lanes[3].u_lane/s1_key_reg[44]_i_1__0/CO[3]
                         net (fo=1, routed)           0.000     7.325    u_accel/g_lanes[3].u_lane/s1_key_reg[44]_i_1__0_n_0
    SLICE_X22Y24         CARRY4 (Prop_carry4_CI_O[1])
                                                      0.348     7.673 r  u_accel/g_lanes[3].u_lane/s1_key_reg[48]_i_1__0/O[1]
                         net (fo=20, routed)          0.799     8.471    u_accel/g_lanes[3].u_lane/key_in[3]0[14]
    DSP48_X0Y9           DSP48E1 (Prop_dsp48e1_A[14]_PCOUT[47])
                                                      4.215    12.686 r  u_accel/g_lanes[3].u_lane/c_s1_mul__0/PCOUT[47]
                         net (fo=1, routed)           0.056    12.742    u_accel/g_lanes[3].u_lane/c_s1_mul__0_n_106
    DSP48_X0Y10          DSP48E1 (Prop_dsp48e1_PCIN[47]_P[3])
                                                      1.518    14.260 r  u_accel/g_lanes[3].u_lane/c_s1_mul__1/P[3]
                         net (fo=2, routed)           1.076    15.336    u_accel/g_lanes[3].u_lane/c_s1_mul__1_n_102
    SLICE_X13Y21         LUT2 (Prop_lut2_I0_O)        0.124    15.460 r  u_accel/g_lanes[3].u_lane/c_kc2_b0__0_i_15/O
                         net (fo=1, routed)           0.000    15.460    u_accel/g_lanes[3].u_lane/c_kc2_b0__0_i_15_n_0
    SLICE_X13Y21         CARRY4 (Prop_carry4_S[0]_CO[3])
                                                      0.532    15.992 r  u_accel/g_lanes[3].u_lane/c_kc2_b0__0_i_3/CO[3]
                         net (fo=1, routed)           0.000    15.992    u_accel/g_lanes[3].u_lane/c_kc2_b0__0_i_3_n_0
    SLICE_X13Y22         CARRY4 (Prop_carry4_CI_CO[3])
                                                      0.114    16.106 r  u_accel/g_lanes[3].u_lane/c_kc2_b0__0_i_2/CO[3]
                         net (fo=1, routed)           0.000    16.106    u_accel/g_lanes[3].u_lane/c_kc2_b0__0_i_2_n_0
    SLICE_X13Y23         CARRY4 (Prop_carry4_CI_O[3])
                                                      0.313    16.419 r  u_accel/g_lanes[3].u_lane/c_kc2_b0__0_i_1/O[3]
                         net (fo=1, routed)           0.822    17.241    u_accel/g_lanes[3].u_lane/c_kc2_b0__0_i_1_n_4
    DSP48_X0Y11          DSP48E1                                      r  u_accel/g_lanes[3].u_lane/c_kc2_b0__0/A[14]
  -------------------------------------------------------------------    -------------------

                         (clock sys_clk_pin rise edge)
                                                     10.000    10.000 r  
    E3                                                0.000    10.000 r  clk (IN)
                         net (fo=0)                   0.000    10.000    clk
    E3                   IBUF (Prop_ibuf_I_O)         1.411    11.411 r  clk_IBUF_inst/O
                         net (fo=1, routed)           1.920    13.331    clk_IBUF
    BUFGCTRL_X0Y16       BUFG (Prop_bufg_I_O)         0.091    13.422 r  clk_IBUF_BUFG_inst/O
                         net (fo=1908, routed)        1.771    15.193    u_accel/g_lanes[3].u_lane/clk_IBUF_BUFG
    DSP48_X0Y11          DSP48E1                                      r  u_accel/g_lanes[3].u_lane/c_kc2_b0__0/CLK
                         clock pessimism              0.267    15.460    
                         clock uncertainty           -0.035    15.425    
    DSP48_X0Y11          DSP48E1 (Setup_dsp48e1_CLK_A[14])
                                                     -0.544    14.881    u_accel/g_lanes[3].u_lane/c_kc2_b0__0
  -------------------------------------------------------------------
                         required time                         14.881    
                         arrival time                         -17.241    
  -------------------------------------------------------------------
                         slack                                 -2.360    





Min Delay Paths
--------------------------------------------------------------------------------------
Slack (MET) :             0.046ns  (arrival time - required time)
  Source:                 u_accel/g_lanes[1].u_lane/s2_h_reg[20]/C
                            (rising edge-triggered cell FDRE clocked by sys_clk_pin  {rise@0.000ns fall@5.000ns period=10.000ns})
  Destination:            u_accel/g_lanes[1].u_lane/s3_h_reg[20]/D
                            (rising edge-triggered cell FDRE clocked by sys_clk_pin  {rise@0.000ns fall@5.000ns period=10.000ns})
  Path Group:             sys_clk_pin
  Path Type:              Hold (Min at Fast Process Corner)
  Requirement:            0.000ns  (sys_clk_pin rise@0.000ns - sys_clk_pin rise@0.000ns)
  Data Path Delay:        0.385ns  (logic 0.141ns (36.641%)  route 0.244ns (63.359%))
  Logic Levels:           0  
  Clock Path Skew:        0.269ns (DCD - SCD - CPR)
    Destination Clock Delay (DCD):    2.063ns
    Source Clock Delay      (SCD):    1.540ns
    Clock Pessimism Removal (CPR):    0.254ns

    Location             Delay type                Incr(ns)  Path(ns)    Netlist Resource(s)
  -------------------------------------------------------------------    -------------------
                         (clock sys_clk_pin rise edge)
                                                      0.000     0.000 r  
    E3                                                0.000     0.000 r  clk (IN)
                         net (fo=0)                   0.000     0.000    clk
    E3                   IBUF (Prop_ibuf_I_O)         0.250     0.250 r  clk_IBUF_inst/O
                         net (fo=1, routed)           0.644     0.894    clk_IBUF
    BUFGCTRL_X0Y16       BUFG (Prop_bufg_I_O)         0.026     0.920 r  clk_IBUF_BUFG_inst/O
                         net (fo=1908, routed)        0.620     1.540    u_accel/g_lanes[1].u_lane/clk_IBUF_BUFG
    SLICE_X55Y27         FDRE                                         r  u_accel/g_lanes[1].u_lane/s2_h_reg[20]/C
  -------------------------------------------------------------------    -------------------
    SLICE_X55Y27         FDRE (Prop_fdre_C_Q)         0.141     1.681 r  u_accel/g_lanes[1].u_lane/s2_h_reg[20]/Q
                         net (fo=1, routed)           0.244     1.925    u_accel/g_lanes[1].u_lane/s2_h_reg_n_0_[20]
    SLICE_X49Y31         FDRE                                         r  u_accel/g_lanes[1].u_lane/s3_h_reg[20]/D
  -------------------------------------------------------------------    -------------------

                         (clock sys_clk_pin rise edge)
                                                      0.000     0.000 r  
    E3                                                0.000     0.000 r  clk (IN)
                         net (fo=0)                   0.000     0.000    clk
    E3                   IBUF (Prop_ibuf_I_O)         0.438     0.438 r  clk_IBUF_inst/O
                         net (fo=1, routed)           0.699     1.136    clk_IBUF
    BUFGCTRL_X0Y16       BUFG (Prop_bufg_I_O)         0.029     1.165 r  clk_IBUF_BUFG_inst/O
                         net (fo=1908, routed)        0.898     2.063    u_accel/g_lanes[1].u_lane/clk_IBUF_BUFG
    SLICE_X49Y31         FDRE                                         r  u_accel/g_lanes[1].u_lane/s3_h_reg[20]/C
                         clock pessimism             -0.254     1.809    
    SLICE_X49Y31         FDRE (Hold_fdre_C_D)         0.070     1.879    u_accel/g_lanes[1].u_lane/s3_h_reg[20]
  -------------------------------------------------------------------
                         required time                         -1.879    
                         arrival time                           1.925    
  -------------------------------------------------------------------
                         slack                                  0.046    





Pulse Width Checks
--------------------------------------------------------------------------------------
Clock Name:         sys_clk_pin
Waveform(ns):       { 0.000 5.000 }
Period(ns):         10.000
Sources:            { clk }

Check Type        Corner  Lib Pin  Reference Pin  Required(ns)  Actual(ns)  Slack(ns)  Location        Pin
Min Period        n/a     BUFG/I   n/a            2.155         10.000      7.845      BUFGCTRL_X0Y16  clk_IBUF_BUFG_inst/I
Low Pulse Width   Slow    FDCE/C   n/a            0.500         5.000       4.500      SLICE_X33Y25    counter_reg[0]/C
High Pulse Width  Slow    FDCE/C   n/a            0.500         5.000       4.500      SLICE_X33Y25    counter_reg[0]/C



