Copyright 1986-2022 Xilinx, Inc. All Rights Reserved. Copyright 2022-2024 Advanced Micro Devices, Inc. All Rights Reserved.
---------------------------------------------------------------------------------------------------------------------------------------------
| Tool Version : Vivado v.2024.2 (win64) Build 5239630 Fri Nov 08 22:35:27 MST 2024
| Date         : Sun Apr 26 13:52:09 2026
| Host         : JayNathan running 64-bit major release  (build 9200)
| Command      : report_timing_summary -file C:/Users/jayna/Desktop/MurmurHash3-Accelerator/murmurhash3_vivado/reports/timing_N32_synth.rpt
| Design       : fpga_top
| Device       : 7a100t-csg324
| Speed File   : -1  PRODUCTION 1.23 2018-06-13
| Design State : Synthesized
---------------------------------------------------------------------------------------------------------------------------------------------

Timing Summary Report

------------------------------------------------------------------------------------------------
| Timer Settings
| --------------
------------------------------------------------------------------------------------------------

  Enable Multi Corner Analysis               :  Yes
  Enable Pessimism Removal                   :  Yes
  Pessimism Removal Resolution               :  Nearest Common Node
  Enable Input Delay Default Clock           :  No
  Enable Preset / Clear Arcs                 :  No
  Disable Flight Delays                      :  No
  Ignore I/O Paths                           :  No
  Timing Early Launch at Borrowing Latches   :  No
  Borrow Time for Max Delay Exceptions       :  Yes
  Merge Timing Exceptions                    :  Yes
  Inter-SLR Compensation                     :  Conservative

  Corner  Analyze    Analyze    
  Name    Max Paths  Min Paths  
  ------  ---------  ---------  
  Slow    Yes        Yes        
  Fast    Yes        Yes        


------------------------------------------------------------------------------------------------
| Report Methodology
| ------------------
------------------------------------------------------------------------------------------------

No report available as report_methodology has not been run prior. Run report_methodology on the current design for the summary of methodology violations.



check_timing report

Table of Contents
-----------------
1. checking no_clock (0)
2. checking constant_clock (0)
3. checking pulse_width_clock (0)
4. checking unconstrained_internal_endpoints (0)
5. checking no_input_delay (1)
6. checking no_output_delay (16)
7. checking multiple_clock (0)
8. checking generated_clocks (0)
9. checking loops (0)
10. checking partial_input_delay (0)
11. checking partial_output_delay (0)
12. checking latch_loops (0)

1. checking no_clock (0)
------------------------
 There are 0 register/latch pins with no clock.


2. checking constant_clock (0)
------------------------------
 There are 0 register/latch pins with constant_clock.


3. checking pulse_width_clock (0)
---------------------------------
 There are 0 register/latch pins which need pulse_width check


4. checking unconstrained_internal_endpoints (0)
------------------------------------------------
 There are 0 pins that are not constrained for maximum delay.

 There are 0 pins that are not constrained for maximum delay due to constant clock.


5. checking no_input_delay (1)
------------------------------
 There are 0 input ports with no input delay specified.

 There is 1 input port with no input delay but user has a false path constraint. (MEDIUM)


6. checking no_output_delay (16)
--------------------------------
 There are 16 ports with no output delay specified. (HIGH)

 There are 0 ports with no output delay but user has a false path constraint

 There are 0 ports with no output delay but with a timing clock defined on it or propagating through it


7. checking multiple_clock (0)
------------------------------
 There are 0 register/latch pins with multiple clocks.


8. checking generated_clocks (0)
--------------------------------
 There are 0 generated clocks that are not connected to a clock source.


9. checking loops (0)
---------------------
 There are 0 combinational loops in the design.


10. checking partial_input_delay (0)
------------------------------------
 There are 0 input ports with partial input delay specified.


11. checking partial_output_delay (0)
-------------------------------------
 There are 0 ports with partial output delay specified.


12. checking latch_loops (0)
----------------------------
 There are 0 combinational latch loops in the design through latch input



------------------------------------------------------------------------------------------------
| Design Timing Summary
| ---------------------
------------------------------------------------------------------------------------------------

    WNS(ns)      TNS(ns)  TNS Failing Endpoints  TNS Total Endpoints      WHS(ns)      THS(ns)  THS Failing Endpoints  THS Total Endpoints     WPWS(ns)     TPWS(ns)  TPWS Failing Endpoints  TPWS Total Endpoints  
    -------      -------  ---------------------  -------------------      -------      -------  ---------------------  -------------------     --------     --------  ----------------------  --------------------  
     -6.738   -26707.559                   6527                23753        0.152        0.000                      0                23753        4.500        0.000                       0                 19002  


Timing constraints are not met.


------------------------------------------------------------------------------------------------
| Clock Summary
| -------------
------------------------------------------------------------------------------------------------

Clock        Waveform(ns)       Period(ns)      Frequency(MHz)
-----        ------------       ----------      --------------
sys_clk_pin  {0.000 5.000}      10.000          100.000         


------------------------------------------------------------------------------------------------
| Intra Clock Table
| -----------------
------------------------------------------------------------------------------------------------

Clock             WNS(ns)      TNS(ns)  TNS Failing Endpoints  TNS Total Endpoints      WHS(ns)      THS(ns)  THS Failing Endpoints  THS Total Endpoints     WPWS(ns)     TPWS(ns)  TPWS Failing Endpoints  TPWS Total Endpoints  
-----             -------      -------  ---------------------  -------------------      -------      -------  ---------------------  -------------------     --------     --------  ----------------------  --------------------  
sys_clk_pin        -6.738   -26707.559                   6527                23753        0.152        0.000                      0                23753        4.500        0.000                       0                 19002  


------------------------------------------------------------------------------------------------
| Inter Clock Table
| -----------------
------------------------------------------------------------------------------------------------

From Clock    To Clock          WNS(ns)      TNS(ns)  TNS Failing Endpoints  TNS Total Endpoints      WHS(ns)      THS(ns)  THS Failing Endpoints  THS Total Endpoints  
----------    --------          -------      -------  ---------------------  -------------------      -------      -------  ---------------------  -------------------  


------------------------------------------------------------------------------------------------
| Other Path Groups Table
| -----------------------
------------------------------------------------------------------------------------------------

Path Group    From Clock    To Clock          WNS(ns)      TNS(ns)  TNS Failing Endpoints  TNS Total Endpoints      WHS(ns)      THS(ns)  THS Failing Endpoints  THS Total Endpoints  
----------    ----------    --------          -------      -------  ---------------------  -------------------      -------      -------  ---------------------  -------------------  


------------------------------------------------------------------------------------------------
| Timing Details
| --------------
------------------------------------------------------------------------------------------------


---------------------------------------------------------------------------------------------------
From Clock:  sys_clk_pin
  To Clock:  sys_clk_pin

Setup :         6527  Failing Endpoints,  Worst Slack       -6.738ns,  Total Violation   -26707.559ns
Hold  :            0  Failing Endpoints,  Worst Slack        0.152ns,  Total Violation        0.000ns
PW    :            0  Failing Endpoints,  Worst Slack        4.500ns,  Total Violation        0.000ns
---------------------------------------------------------------------------------------------------


Max Delay Paths
--------------------------------------------------------------------------------------
Slack (VIOLATED) :        -6.738ns  (required time - arrival time)
  Source:                 u_accel/g_lanes[0].u_lane/c_kc2_b3[-1111111111]/C
                            (rising edge-triggered cell FDRE clocked by sys_clk_pin  {rise@0.000ns fall@5.000ns period=10.000ns})
  Destination:            u_accel/g_lanes[0].u_lane/s9_h0/A[13]
                            (rising edge-triggered cell DSP48E1 clocked by sys_clk_pin  {rise@0.000ns fall@5.000ns period=10.000ns})
  Path Group:             sys_clk_pin
  Path Type:              Setup (Max at Slow Process Corner)
  Requirement:            10.000ns  (sys_clk_pin rise@10.000ns - sys_clk_pin rise@0.000ns)
  Data Path Delay:        16.017ns  (logic 9.188ns (57.365%)  route 6.829ns (42.635%))
  Logic Levels:           22  (CARRY4=19 LUT2=1 LUT3=1 LUT6=1)
  Clock Path Skew:        -0.145ns (DCD - SCD + CPR)
    Destination Clock Delay (DCD):    2.704ns = ( 12.704 - 10.000 ) 
    Source Clock Delay      (SCD):    2.965ns
    Clock Pessimism Removal (CPR):    0.116ns
  Clock Uncertainty:      0.035ns  ((TSJ^2 + TIJ^2)^1/2 + DJ) / 2 + PE
    Total System Jitter     (TSJ):    0.071ns
    Total Input Jitter      (TIJ):    0.000ns
    Discrete Jitter          (DJ):    0.000ns
    Phase Error              (PE):    0.000ns

    Location             Delay type                Incr(ns)  Path(ns)    Netlist Resource(s)
  -------------------------------------------------------------------    -------------------
                         (clock sys_clk_pin rise edge)
                                                      0.000     0.000 r  
    E3                                                0.000     0.000 r  clk (IN)
                         net (fo=0)                   0.000     0.000    clk
    E3                   IBUF (Prop_ibuf_I_O)         1.482     1.482 r  clk_IBUF_inst/O
                         net (fo=1, unplaced)         0.803     2.285    clk_IBUF
                         BUFG (Prop_bufg_I_O)         0.096     2.381 r  clk_IBUF_BUFG_inst/O
                         net (fo=19001, unplaced)     0.584     2.965    u_accel/g_lanes[0].u_lane/clk_IBUF_BUFG
                         FDRE                                         r  u_accel/g_lanes[0].u_lane/c_kc2_b3[-1111111111]/C
  -------------------------------------------------------------------    -------------------
                         FDRE (Prop_fdre_C_Q)         0.478     3.443 r  u_accel/g_lanes[0].u_lane/c_kc2_b3[-1111111111]/Q
                         net (fo=21, unplaced)        0.874     4.317    u_accel/g_lanes[0].u_lane/c_kc2_b3[-_n_0_1111111111]
                         CARRY4 (Prop_carry4_S[3]_CO[3])
                                                      0.671     4.988 r  u_accel/g_lanes[0].u_lane/c_kc2_b3_inferred__1/i___231/CO[3]
                         net (fo=1, unplaced)         0.000     4.988    u_accel/g_lanes[0].u_lane/c_kc2_b3_inferred__1/i___231_n_0
                         CARRY4 (Prop_carry4_CI_O[0])
                                                      0.232     5.220 r  u_accel/g_lanes[0].u_lane/c_kc2_b3_inferred__1/i___232/O[0]
                         net (fo=3, unplaced)         0.983     6.203    u_accel/g_lanes[0].u_lane/c_kc2_b3_inferred__1/i___232_n_7
                         LUT6 (Prop_lut6_I0_O)        0.295     6.498 r  u_accel/g_lanes[0].u_lane/i___277_i_7/O
                         net (fo=1, unplaced)         0.000     6.498    u_accel/g_lanes[0].u_lane/i___277_i_7_n_0
                         CARRY4 (Prop_carry4_S[1]_CO[3])
                                                      0.533     7.031 r  u_accel/g_lanes[0].u_lane/c_kc2_b3_inferred__1/i___277/CO[3]
                         net (fo=1, unplaced)         0.000     7.031    u_accel/g_lanes[0].u_lane/c_kc2_b3_inferred__1/i___277_n_0
                         CARRY4 (Prop_carry4_CI_O[1])
                                                      0.337     7.368 r  u_accel/g_lanes[0].u_lane/c_kc2_b3_inferred__1/i___278/O[1]
                         net (fo=3, unplaced)         0.629     7.997    u_accel/g_lanes[0].u_lane/c_kc2_b3_inferred__1/i___278_n_6
                         LUT3 (Prop_lut3_I0_O)        0.306     8.303 r  u_accel/g_lanes[0].u_lane/i___287_i_2/O
                         net (fo=1, unplaced)         0.474     8.777    u_accel/g_lanes[0].u_lane/i___287_i_2_n_0
                         CARRY4 (Prop_carry4_DI[2]_CO[3])
                                                      0.404     9.181 r  u_accel/g_lanes[0].u_lane/c_kc2_b3_inferred__1/i___287/CO[3]
                         net (fo=1, unplaced)         0.000     9.181    u_accel/g_lanes[0].u_lane/c_kc2_b3_inferred__1/i___287_n_0
                         CARRY4 (Prop_carry4_CI_O[1])
                                                      0.337     9.518 r  u_accel/g_lanes[0].u_lane/c_kc2_b3_inferred__1/i___288/O[1]
                         net (fo=1, unplaced)         0.715    10.233    u_accel_n_2015
                         CARRY4 (Prop_carry4_S[1]_CO[3])
                                                      0.839    11.072 r  g_lanes[0].u_lane/c_kc2_b3_carry_i_5/CO[3]
                         net (fo=1, unplaced)         0.000    11.072    g_lanes[0].u_lane/c_kc2_b3_carry_i_5_n_0
                         CARRY4 (Prop_carry4_CI_O[1])
                                                      0.337    11.409 r  g_lanes[0].u_lane/c_kc2_b3_carry_i_6/O[1]
                         net (fo=2, unplaced)         0.536    11.945    PCIN__71__0[21]
                         CARRY4 (Prop_carry4_DI[0]_CO[3])
                                                      0.732    12.677 r  g_lanes[0].u_lane/c_kc2_b3_carry__0_i_1/CO[3]
                         net (fo=1, unplaced)         0.000    12.677    g_lanes[0].u_lane/c_kc2_b3_carry__0_i_1_n_0
                         CARRY4 (Prop_carry4_CI_O[1])
                                                      0.337    13.014 r  g_lanes[0].u_lane/c_kc2_b3_carry__1_i_1/O[1]
                         net (fo=2, unplaced)         0.536    13.550    u_accel/g_lanes[0].u_lane/i__carry__1_i_8__91_0[1]
                         CARRY4 (Prop_carry4_DI[2]_CO[3])
                                                      0.586    14.136 r  u_accel/g_lanes[0].u_lane/c_kc2_b3_carry__1/CO[3]
                         net (fo=1, unplaced)         0.000    14.136    u_accel/g_lanes[0].u_lane/c_kc2_b3_carry__1_n_0
                         CARRY4 (Prop_carry4_CI_O[3])
                                                      0.331    14.467 r  u_accel/g_lanes[0].u_lane/c_kc2_b3_carry__2/O[3]
                         net (fo=3, unplaced)         0.466    14.933    u_accel/g_lanes[0].u_lane/k_c2[31]
                         LUT2 (Prop_lut2_I0_O)        0.302    15.235 r  u_accel/g_lanes[0].u_lane/i__carry__1_i_1__184/O
                         net (fo=1, unplaced)         0.000    15.235    u_accel/g_lanes[0].u_lane/sub_b_mix_return1__0[31]
                         CARRY4 (Prop_carry4_DI[3]_CO[3])
                                                      0.429    15.664 r  u_accel/g_lanes[0].u_lane/sub_b_mix_return0_inferred__2/i__carry__1/CO[3]
                         net (fo=1, unplaced)         0.000    15.664    u_accel/g_lanes[0].u_lane/sub_b_mix_return0_inferred__2/i__carry__1_n_0
                         CARRY4 (Prop_carry4_CI_CO[3])
                                                      0.117    15.781 r  u_accel/g_lanes[0].u_lane/sub_b_mix_return0_inferred__2/i__carry__2/CO[3]
                         net (fo=1, unplaced)         0.000    15.781    u_accel/g_lanes[0].u_lane/sub_b_mix_return0_inferred__2/i__carry__2_n_0
                         CARRY4 (Prop_carry4_CI_CO[3])
                                                      0.117    15.898 r  u_accel/g_lanes[0].u_lane/sub_b_mix_return0_inferred__2/i__carry__3/CO[3]
                         net (fo=1, unplaced)         0.000    15.898    u_accel/g_lanes[0].u_lane/sub_b_mix_return0_inferred__2/i__carry__3_n_0
                         CARRY4 (Prop_carry4_CI_CO[3])
                                                      0.117    16.015 r  u_accel/g_lanes[0].u_lane/sub_b_mix_return0_inferred__2/i__carry__4/CO[3]
                         net (fo=1, unplaced)         0.000    16.015    u_accel/g_lanes[0].u_lane/sub_b_mix_return0_inferred__2/i__carry__4_n_0
                         CARRY4 (Prop_carry4_CI_O[3])
                                                      0.331    16.346 r  u_accel/g_lanes[0].u_lane/sub_b_mix_return0_inferred__2/i__carry__5/O[3]
                         net (fo=1, unplaced)         0.813    17.159    u_accel/g_lanes[0].u_lane/sub_b_mix_return0_inferred__2/i__carry__5_n_4
                         CARRY4 (Prop_carry4_S[3]_CO[3])
                                                      0.683    17.842 r  u_accel/g_lanes[0].u_lane/sub_b_mix_return_inferred__2/i__carry__5/CO[3]
                         net (fo=1, unplaced)         0.000    17.842    u_accel/g_lanes[0].u_lane/sub_b_mix_return_inferred__2/i__carry__5_n_0
                         CARRY4 (Prop_carry4_CI_O[1])
                                                      0.337    18.179 r  u_accel/g_lanes[0].u_lane/sub_b_mix_return_inferred__2/i__carry__6/O[1]
                         net (fo=2, unplaced)         0.803    18.982    u_accel/g_lanes[0].u_lane/sub_b_mix_return_inferred__2/i__carry__6_n_6
                         DSP48E1                                      r  u_accel/g_lanes[0].u_lane/s9_h0/A[13]
  -------------------------------------------------------------------    -------------------

                         (clock sys_clk_pin rise edge)
                                                     10.000    10.000 r  
    E3                                                0.000    10.000 r  clk (IN)
                         net (fo=0)                   0.000    10.000    clk
    E3                   IBUF (Prop_ibuf_I_O)         1.411    11.411 r  clk_IBUF_inst/O
                         net (fo=1, unplaced)         0.763    12.174    clk_IBUF
                         BUFG (Prop_bufg_I_O)         0.091    12.265 r  clk_IBUF_BUFG_inst/O
                         net (fo=19001, unplaced)     0.439    12.704    u_accel/g_lanes[0].u_lane/clk_IBUF_BUFG
                         DSP48E1                                      r  u_accel/g_lanes[0].u_lane/s9_h0/CLK
                         clock pessimism              0.116    12.820    
                         clock uncertainty           -0.035    12.784    
                         DSP48E1 (Setup_dsp48e1_CLK_A[13])
                                                     -0.541    12.243    u_accel/g_lanes[0].u_lane/s9_h0
  -------------------------------------------------------------------
                         required time                         12.243    
                         arrival time                         -18.982    
  -------------------------------------------------------------------
                         slack                                 -6.738    





Min Delay Paths
--------------------------------------------------------------------------------------
Slack (MET) :             0.152ns  (arrival time - required time)
  Source:                 u_accel/g_lanes[0].u_lane/c_s7_mul[-1111111095]/C
                            (rising edge-triggered cell FDRE clocked by sys_clk_pin  {rise@0.000ns fall@5.000ns period=10.000ns})
  Destination:            u_accel/g_lanes[0].u_lane/c_s7_mul[-1111111095]__0/D
                            (rising edge-triggered cell FDRE clocked by sys_clk_pin  {rise@0.000ns fall@5.000ns period=10.000ns})
  Path Group:             sys_clk_pin
  Path Type:              Hold (Min at Fast Process Corner)
  Requirement:            0.000ns  (sys_clk_pin rise@0.000ns - sys_clk_pin rise@0.000ns)
  Data Path Delay:        0.288ns  (logic 0.147ns (51.079%)  route 0.141ns (48.921%))
  Logic Levels:           0  
  Clock Path Skew:        0.145ns (DCD - SCD - CPR)
    Destination Clock Delay (DCD):    1.082ns
    Source Clock Delay      (SCD):    0.728ns
    Clock Pessimism Removal (CPR):    0.209ns

    Location             Delay type                Incr(ns)  Path(ns)    Netlist Resource(s)
  -------------------------------------------------------------------    -------------------
                         (clock sys_clk_pin rise edge)
                                                      0.000     0.000 r  
    E3                                                0.000     0.000 r  clk (IN)
                         net (fo=0)                   0.000     0.000    clk
    E3                   IBUF (Prop_ibuf_I_O)         0.250     0.250 r  clk_IBUF_inst/O
                         net (fo=1, unplaced)         0.338     0.588    clk_IBUF
                         BUFG (Prop_bufg_I_O)         0.026     0.614 r  clk_IBUF_BUFG_inst/O
                         net (fo=19001, unplaced)     0.114     0.728    u_accel/g_lanes[0].u_lane/clk_IBUF_BUFG
                         FDRE                                         r  u_accel/g_lanes[0].u_lane/c_s7_mul[-1111111095]/C
  -------------------------------------------------------------------    -------------------
                         FDRE (Prop_fdre_C_Q)         0.147     0.875 r  u_accel/g_lanes[0].u_lane/c_s7_mul[-1111111095]/Q
                         net (fo=1, unplaced)         0.141     1.016    u_accel/g_lanes[0].u_lane/c_s7_mul[-_n_0_1111111095]
                         FDRE                                         r  u_accel/g_lanes[0].u_lane/c_s7_mul[-1111111095]__0/D
  -------------------------------------------------------------------    -------------------

                         (clock sys_clk_pin rise edge)
                                                      0.000     0.000 r  
    E3                                                0.000     0.000 r  clk (IN)
                         net (fo=0)                   0.000     0.000    clk
    E3                   IBUF (Prop_ibuf_I_O)         0.438     0.438 r  clk_IBUF_inst/O
                         net (fo=1, unplaced)         0.356     0.794    clk_IBUF
                         BUFG (Prop_bufg_I_O)         0.029     0.823 r  clk_IBUF_BUFG_inst/O
                         net (fo=19001, unplaced)     0.259     1.082    u_accel/g_lanes[0].u_lane/clk_IBUF_BUFG
                         FDRE                                         r  u_accel/g_lanes[0].u_lane/c_s7_mul[-1111111095]__0/C
                         clock pessimism             -0.209     0.873    
                         FDRE (Hold_fdre_C_D)        -0.009     0.864    u_accel/g_lanes[0].u_lane/c_s7_mul[-1111111095]__0
  -------------------------------------------------------------------
                         required time                         -0.864    
                         arrival time                           1.016    
  -------------------------------------------------------------------
                         slack                                  0.152    





Pulse Width Checks
--------------------------------------------------------------------------------------
Clock Name:         sys_clk_pin
Waveform(ns):       { 0.000 5.000 }
Period(ns):         10.000
Sources:            { clk }

Check Type        Corner  Lib Pin      Reference Pin  Required(ns)  Actual(ns)  Slack(ns)  Location  Pin
Min Period        n/a     DSP48E1/CLK  n/a            3.884         10.000      6.116                u_accel/g_lanes[0].u_lane/s9_h0/CLK
Low Pulse Width   Slow    FDCE/C       n/a            0.500         5.000       4.500                counter_reg[0]/C
High Pulse Width  Slow    FDCE/C       n/a            0.500         5.000       4.500                counter_reg[0]/C



