Copyright 1986-2022 Xilinx, Inc. All Rights Reserved. Copyright 2022-2024 Advanced Micro Devices, Inc. All Rights Reserved.
------------------------------------------------------------------------------------------------------------------------------------------------------------
| Tool Version : Vivado v.2024.2 (win64) Build 5239630 Fri Nov 08 22:35:27 MST 2024
| Date         : Sun Apr 26 13:51:55 2026
| Host         : JayNathan running 64-bit major release  (build 9200)
| Command      : report_utilization -hierarchical -file C:/Users/jayna/Desktop/MurmurHash3-Accelerator/murmurhash3_vivado/reports/utilization_N32_synth.rpt
| Design       : fpga_top
| Device       : xc7a100tcsg324-1
| Speed File   : -1
| Design State : Synthesized
------------------------------------------------------------------------------------------------------------------------------------------------------------

Utilization Design Information

Table of Contents
-----------------
1. Utilization by Hierarchy

1. Utilization by Hierarchy
---------------------------

+------------------------+---------------------+------------+------------+---------+------+-------+--------+--------+------------+
|        Instance        |        Module       | Total LUTs | Logic LUTs | LUTRAMs | SRLs |  FFs  | RAMB36 | RAMB18 | DSP Blocks |
+------------------------+---------------------+------------+------------+---------+------+-------+--------+--------+------------+
| fpga_top               |               (top) |     100802 |     100802 |       0 |    0 | 18881 |      0 |      0 |        184 |
|   (fpga_top)           |               (top) |      52178 |      52178 |       0 |    0 |    41 |      0 |      0 |          0 |
|   u_accel              |   murmurhash3_accel |      48624 |      48624 |       0 |    0 | 18840 |      0 |      0 |        184 |
|     g_lanes[0].u_lane  |    murmurhash3_lane |       1619 |       1619 |       0 |    0 |   576 |      0 |      0 |          6 |
|     g_lanes[10].u_lane |  murmurhash3_lane_0 |       1474 |       1474 |       0 |    0 |   588 |      0 |      0 |          6 |
|     g_lanes[11].u_lane |  murmurhash3_lane_1 |       1452 |       1452 |       0 |    0 |   582 |      0 |      0 |          6 |
|     g_lanes[12].u_lane |  murmurhash3_lane_2 |       1453 |       1453 |       0 |    0 |   582 |      0 |      0 |          6 |
|     g_lanes[13].u_lane |  murmurhash3_lane_3 |       1452 |       1452 |       0 |    0 |   582 |      0 |      0 |          6 |
|     g_lanes[14].u_lane |  murmurhash3_lane_4 |       1474 |       1474 |       0 |    0 |   588 |      0 |      0 |          6 |
|     g_lanes[15].u_lane |  murmurhash3_lane_5 |       1470 |       1470 |       0 |    0 |   582 |      0 |      0 |          6 |
|     g_lanes[16].u_lane |  murmurhash3_lane_6 |       1698 |       1698 |       0 |    0 |   582 |      0 |      0 |          6 |
|     g_lanes[17].u_lane |  murmurhash3_lane_7 |       1467 |       1467 |       0 |    0 |   582 |      0 |      0 |          6 |
|     g_lanes[18].u_lane |  murmurhash3_lane_8 |       1474 |       1474 |       0 |    0 |   588 |      0 |      0 |          6 |
|     g_lanes[19].u_lane |  murmurhash3_lane_9 |       1454 |       1454 |       0 |    0 |   582 |      0 |      0 |          6 |
|     g_lanes[1].u_lane  | murmurhash3_lane_10 |       1477 |       1477 |       0 |    0 |   582 |      0 |      0 |          6 |
|     g_lanes[20].u_lane | murmurhash3_lane_11 |       1453 |       1453 |       0 |    0 |   582 |      0 |      0 |          6 |
|     g_lanes[21].u_lane | murmurhash3_lane_12 |       1545 |       1545 |       0 |    0 |   600 |      0 |      0 |          5 |
|     g_lanes[22].u_lane | murmurhash3_lane_13 |       1535 |       1535 |       0 |    0 |   603 |      0 |      0 |          5 |
|     g_lanes[23].u_lane | murmurhash3_lane_14 |       1495 |       1495 |       0 |    0 |   597 |      0 |      0 |          5 |
|     g_lanes[24].u_lane | murmurhash3_lane_15 |       1445 |       1445 |       0 |    0 |   576 |      0 |      0 |          6 |
|     g_lanes[25].u_lane | murmurhash3_lane_16 |       1506 |       1506 |       0 |    0 |   597 |      0 |      0 |          5 |
|     g_lanes[26].u_lane | murmurhash3_lane_17 |       1519 |       1519 |       0 |    0 |   603 |      0 |      0 |          5 |
|     g_lanes[27].u_lane | murmurhash3_lane_18 |       1643 |       1643 |       0 |    0 |   603 |      0 |      0 |          5 |
|     g_lanes[28].u_lane | murmurhash3_lane_19 |       1774 |       1774 |       0 |    0 |   603 |      0 |      0 |          5 |
|     g_lanes[29].u_lane | murmurhash3_lane_20 |       1743 |       1743 |       0 |    0 |   609 |      0 |      0 |          5 |
|     g_lanes[2].u_lane  | murmurhash3_lane_21 |       1482 |       1482 |       0 |    0 |   594 |      0 |      0 |          6 |
|     g_lanes[30].u_lane | murmurhash3_lane_22 |       1609 |       1609 |       0 |    0 |   597 |      0 |      0 |          6 |
|     g_lanes[31].u_lane | murmurhash3_lane_23 |       1627 |       1627 |       0 |    0 |   582 |      0 |      0 |          6 |
|     g_lanes[3].u_lane  | murmurhash3_lane_24 |       1484 |       1484 |       0 |    0 |   588 |      0 |      0 |          6 |
|     g_lanes[4].u_lane  | murmurhash3_lane_25 |       1471 |       1471 |       0 |    0 |   588 |      0 |      0 |          6 |
|     g_lanes[5].u_lane  | murmurhash3_lane_26 |       1453 |       1453 |       0 |    0 |   582 |      0 |      0 |          6 |
|     g_lanes[6].u_lane  | murmurhash3_lane_27 |       1474 |       1474 |       0 |    0 |   588 |      0 |      0 |          6 |
|     g_lanes[7].u_lane  | murmurhash3_lane_28 |       1452 |       1452 |       0 |    0 |   582 |      0 |      0 |          6 |
|     g_lanes[8].u_lane  | murmurhash3_lane_29 |       1461 |       1461 |       0 |    0 |   582 |      0 |      0 |          6 |
|     g_lanes[9].u_lane  | murmurhash3_lane_30 |       1500 |       1500 |       0 |    0 |   588 |      0 |      0 |          6 |
+------------------------+---------------------+------------+------------+---------+------+-------+--------+--------+------------+


